<?xml version="1.0" encoding="UTF-8"?>
<testng-results skipped="0" failed="0" total="4" passed="4">
  <reporter-output>
  </reporter-output>
  <suite name="Default suite" duration-ms="389" started-at="2011-05-18T00:04:52Z" finished-at="2011-05-18T00:04:52Z">
    <groups>
    </groups>
    <test name="Default test" duration-ms="389" started-at="2011-05-18T00:04:52Z" finished-at="2011-05-18T00:04:52Z">
      <class name="openclose.SquareTest">
        <test-method status="PASS" signature="testSquareOrderVsCircle()" name="testSquareOrderVsCircle" duration-ms="60" started-at="2011-05-18T00:04:52Z" finished-at="2011-05-18T00:04:52Z">
        </test-method>
        <test-method status="PASS" signature="testSquareOrderVsNull()" name="testSquareOrderVsNull" duration-ms="38" started-at="2011-05-18T00:04:52Z" finished-at="2011-05-18T00:04:52Z">
        </test-method>
        <test-method status="PASS" signature="testSquareOrderVsSquare()" name="testSquareOrderVsSquare" duration-ms="39" started-at="2011-05-18T00:04:52Z" finished-at="2011-05-18T00:04:52Z">
        </test-method>
        <test-method status="PASS" signature="testSquareOrderingVsObject()" name="testSquareOrderingVsObject" duration-ms="39" started-at="2011-05-18T00:04:52Z" finished-at="2011-05-18T00:04:52Z">
        </test-method>
      </class>
    </test>
  </suite>
</testng-results>
